<?xml version="1.0" encoding="UTF-8"?>
<!-- Generated by org.testng.reporters.JUnitXMLReporter -->
<testsuite hostname="Hatices-MacBook-Air-2.local" ignored="0" name="Default test" tests="6" failures="0" timestamp="27 Jun 2018 15:34:31 GMT" time="24.583" errors="0">
  <testcase name="testInput" time="0.008" classname="com.cybertek2.WebElementsForm"/>
  <testcase name="testDropdowns" time="0.001" classname="com.cybertek2.WebElementsForm"/>
  <testcase name="testCheckbox" time="0.001" classname="com.cybertek2.WebElementsForm"/>
  <testcase name="testRadiobox" time="0.001" classname="com.cybertek2.WebElementsForm"/>
  <testcase name="buttons" time="0.001" classname="com.cybertek2.WebElementsForm"/>
  <testcase name="Fill" time="11.1" classname="com.cybertek2.WebElementsForm"/>
</testsuite> <!-- Default test -->
