<?xml version="1.0" encoding="UTF-8"?>
<testng-results skipped="0" failed="0" ignored="0" total="2" passed="2">
  <reporter-output>
  </reporter-output>
  <suite name="Default suite" duration-ms="10640" started-at="2018-07-10T16:42:18Z" finished-at="2018-07-10T16:42:29Z">
    <groups>
    </groups>
    <test name="Default test" duration-ms="10640" started-at="2018-07-10T16:42:18Z" finished-at="2018-07-10T16:42:29Z">
      <class name="com.PomDesign.OrdersPageTest">
        <test-method status="PASS" signature="setUp()[pri:0, instance:com.PomDesign.OrdersPageTest@77cd7a0]" name="setUp" is-config="true" duration-ms="5867" started-at="2018-07-10T16:42:18Z" finished-at="2018-07-10T16:42:24Z">
          <reporter-output>
          </reporter-output>
        </test-method> <!-- setUp -->
        <test-method status="PASS" signature="setUpApplication()[pri:0, instance:com.PomDesign.OrdersPageTest@77cd7a0]" name="setUpApplication" is-config="true" duration-ms="508" started-at="2018-07-10T16:42:24Z" finished-at="2018-07-10T16:42:25Z">
          <reporter-output>
          </reporter-output>
        </test-method> <!-- setUpApplication -->
        <test-method status="PASS" signature="labelsVerication()[pri:1, instance:com.PomDesign.OrdersPageTest@77cd7a0]" name="labelsVerication" duration-ms="24" started-at="2018-07-10T16:42:25Z" description="Verify labels and tab links are displayed" finished-at="2018-07-10T16:42:25Z">
          <reporter-output>
          </reporter-output>
        </test-method> <!-- labelsVerication -->
        <test-method status="PASS" signature="logout()[pri:0, instance:com.PomDesign.OrdersPageTest@77cd7a0]" name="logout" is-config="true" duration-ms="0" started-at="2018-07-10T16:42:25Z" finished-at="2018-07-10T16:42:25Z">
          <reporter-output>
          </reporter-output>
        </test-method> <!-- logout -->
        <test-method status="PASS" signature="setUpApplication()[pri:0, instance:com.PomDesign.OrdersPageTest@77cd7a0]" name="setUpApplication" is-config="true" duration-ms="198" started-at="2018-07-10T16:42:25Z" finished-at="2018-07-10T16:42:25Z">
          <reporter-output>
          </reporter-output>
        </test-method> <!-- setUpApplication -->
        <test-method status="PASS" signature="placeOrder()[pri:2, instance:com.PomDesign.OrdersPageTest@77cd7a0]" name="placeOrder" duration-ms="3993" started-at="2018-07-10T16:42:25Z" description="Verify order added" finished-at="2018-07-10T16:42:29Z">
          <reporter-output>
          </reporter-output>
        </test-method> <!-- placeOrder -->
        <test-method status="PASS" signature="logout()[pri:0, instance:com.PomDesign.OrdersPageTest@77cd7a0]" name="logout" is-config="true" duration-ms="0" started-at="2018-07-10T16:42:29Z" finished-at="2018-07-10T16:42:29Z">
          <reporter-output>
          </reporter-output>
        </test-method> <!-- logout -->
      </class> <!-- com.PomDesign.OrdersPageTest -->
    </test> <!-- Default test -->
  </suite> <!-- Default suite -->
</testng-results>
